18:06:53.162 INFO - Launching a standalone Selenium Server
18:06:54.350 INFO - Java: Oracle Corporation 25.101-b13
18:06:54.351 INFO - OS: Windows 8.1 6.3 amd64
18:06:54.406 INFO - v2.53.1, with Core v2.53.1. Built from revision a36b8b1
18:06:54.713 INFO - Driver class not found: com.opera.core.systems.OperaDriver
18:06:54.713 INFO - Driver provider com.opera.core.systems.OperaDriver is not registered
18:06:54.787 INFO - Driver provider org.openqa.selenium.safari.SafariDriver registration is skipped:
registration capabilities Capabilities [{browserName=safari, version=, platform=MAC}] does not match the current platform WIN8_1
18:06:54.789 INFO - Driver class not found: org.openqa.selenium.htmlunit.HtmlUnitDriver
18:06:54.789 INFO - Driver provider org.openqa.selenium.htmlunit.HtmlUnitDriver is not registered
18:06:56.236 INFO - RemoteWebDriver instances should connect to: http://127.0.0.1:4444/wd/hub
18:06:56.236 INFO - Selenium Server is up and running
18:06:59.473 INFO - Executing: [new session: Capabilities [{acceptSslCerts=true, name=Tests Agrol\ Test Send Message, browserName=chrome, javascriptEnabled=true, platform=ANY}]])
18:06:59.523 INFO - Creating a new session for Capabilities [{acceptSslCerts=true, name=Tests Agrol\ Test Send Message, browserName=chrome, javascriptEnabled=true, platform=ANY}]
Starting ChromeDriver 2.27.440174 (e97a722caafc2d3a8b807ee115bfb307f7d2cfd9) on port 22254
Only local connections are allowed.
18:07:04.587 INFO - Done: [new session: Capabilities [{acceptSslCerts=true, name=Tests Agrol\ Test Send Message, browserName=chrome, javascriptEnabled=true, platform=ANY}]]
18:07:04.660 INFO - Executing: [get: https://portal-mypages-uat.cloudapps.ocp-nuat.nordea.prd.a.tecdomain.net/spapp/agrol/])
18:07:08.805 INFO - Done: [get: https://portal-mypages-uat.cloudapps.ocp-nuat.nordea.prd.a.tecdomain.net/spapp/agrol/]
18:07:08.832 INFO - Executing: [take screenshot])
18:07:19.069 WARN - Exception thrown
org.openqa.selenium.WebDriverException: unknown error: cannot get automation extension
from unknown error: page could not be found: chrome-extension://aapnijgdinlhnhlmodcfapnahmbfebeb/_generated_background_page.html
  (Session info: chrome=61.0.3163.100)
  (Driver info: chromedriver=2.27.440174 (e97a722caafc2d3a8b807ee115bfb307f7d2cfd9),platform=Windows NT 6.3.9600 x86_64) (WARNING: The server did not provide any stacktrace information)
Command duration or timeout: 10.18 seconds
Build info: version: '2.53.1', revision: 'a36b8b1', time: '2016-06-30 17:37:03'
System info: host: 'WL313736', ip: '10.83.12.101', os.name: 'Windows 8.1', os.arch: 'amd64', os.version: '6.3', java.version: '1.8.0_101'
Driver info: org.openqa.selenium.chrome.ChromeDriver
Capabilities [{applicationCacheEnabled=false, rotatable=false, mobileEmulationEnabled=false, networkConnectionEnabled=false, chrome={chromedriverVersion=2.27.440174 (e97a722caafc2d3a8b807ee115bfb307f7d2cfd9), userDataDir=C:\Users\joshibha\AppData\Local\Temp\scoped_dir27744_1473}, takesHeapSnapshot=true, pageLoadStrategy=normal, databaseEnabled=false, handlesAlerts=true, hasTouchScreen=false, version=61.0.3163.100, platform=WIN8_1, browserConnectionEnabled=false, nativeEvents=true, acceptSslCerts=true, locationContextEnabled=true, webStorageEnabled=true, browserName=chrome, takesScreenshot=true, javascriptEnabled=true, cssSelectorsEnabled=true, unexpectedAlertBehaviour=}]
Session ID: ac14667419eb6692d95709cf06943cc7
	at sun.reflect.NativeConstructorAccessorImpl.newInstance0(Native Method)
	at sun.reflect.NativeConstructorAccessorImpl.newInstance(NativeConstructorAccessorImpl.java:62)
	at sun.reflect.DelegatingConstructorAccessorImpl.newInstance(DelegatingConstructorAccessorImpl.java:45)
	at java.lang.reflect.Constructor.newInstance(Constructor.java:423)
	at org.openqa.selenium.remote.ErrorHandler.createThrowable(ErrorHandler.java:206)
	at org.openqa.selenium.remote.ErrorHandler.throwIfResponseFailed(ErrorHandler.java:158)
	at org.openqa.selenium.remote.RemoteWebDriver.execute(RemoteWebDriver.java:678)
	at org.openqa.selenium.remote.RemoteWebDriver.execute(RemoteWebDriver.java:701)
	at org.openqa.selenium.remote.RemoteWebDriver.getScreenshotAs(RemoteWebDriver.java:335)
	at org.openqa.selenium.remote.server.handler.CaptureScreenshot.call(CaptureScreenshot.java:36)
	at org.openqa.selenium.remote.server.handler.CaptureScreenshot.call(CaptureScreenshot.java:1)
	at java.util.concurrent.FutureTask.run(FutureTask.java:266)
	at org.openqa.selenium.remote.server.DefaultSession$1.run(DefaultSession.java:176)
	at java.util.concurrent.ThreadPoolExecutor.runWorker(ThreadPoolExecutor.java:1142)
	at java.util.concurrent.ThreadPoolExecutor$Worker.run(ThreadPoolExecutor.java:617)
	at java.lang.Thread.run(Thread.java:745)
18:07:19.095 WARN - Exception: unknown error: cannot get automation extension
from unknown error: page could not be found: chrome-extension://aapnijgdinlhnhlmodcfapnahmbfebeb/_generated_background_page.html
  (Session info: chrome=61.0.3163.100)
  (Driver info: chromedriver=2.27.440174 (e97a722caafc2d3a8b807ee115bfb307f7d2cfd9),platform=Windows NT 6.3.9600 x86_64) (WARNING: The server did not provide any stacktrace information)
Command duration or timeout: 10.18 seconds
Build info: version: '2.53.1', revision: 'a36b8b1', time: '2016-06-30 17:37:03'
System info: host: 'WL313736', ip: '10.83.12.101', os.name: 'Windows 8.1', os.arch: 'amd64', os.version: '6.3', java.version: '1.8.0_101'
Driver info: org.openqa.selenium.chrome.ChromeDriver
Capabilities [{applicationCacheEnabled=false, rotatable=false, mobileEmulationEnabled=false, networkConnectionEnabled=false, chrome={chromedriverVersion=2.27.440174 (e97a722caafc2d3a8b807ee115bfb307f7d2cfd9), userDataDir=C:\Users\joshibha\AppData\Local\Temp\scoped_dir27744_1473}, takesHeapSnapshot=true, pageLoadStrategy=normal, databaseEnabled=false, handlesAlerts=true, hasTouchScreen=false, version=61.0.3163.100, platform=WIN8_1, browserConnectionEnabled=false, nativeEvents=true, acceptSslCerts=true, locationContextEnabled=true, webStorageEnabled=true, browserName=chrome, takesScreenshot=true, javascriptEnabled=true, cssSelectorsEnabled=true, unexpectedAlertBehaviour=}]
Session ID: ac14667419eb6692d95709cf06943cc7
18:07:27.234 INFO - Executing: [find elements: By.xpath: .//h1//span[text()='Logga in']])
18:07:27.364 INFO - Done: [find elements: By.xpath: .//h1//span[text()='Logga in']]
18:07:27.430 INFO - Executing: [find elements: By.xpath: .//li[1]//span[text()='Mobil BankID' or text()='Mobile BankID']])
18:07:27.573 INFO - Done: [find elements: By.xpath: .//li[1]//span[text()='Mobil BankID' or text()='Mobile BankID']]
18:07:27.599 INFO - Executing: [find elements: By.xpath: .//li[2]//a[@class='link']])
18:07:27.700 INFO - Done: [find elements: By.xpath: .//li[2]//a[@class='link']]
18:07:27.711 INFO - Executing: [take screenshot])
18:07:37.818 WARN - Exception thrown
org.openqa.selenium.WebDriverException: unknown error: cannot get automation extension
from unknown error: page could not be found: chrome-extension://aapnijgdinlhnhlmodcfapnahmbfebeb/_generated_background_page.html
  (Session info: chrome=61.0.3163.100)
  (Driver info: chromedriver=2.27.440174 (e97a722caafc2d3a8b807ee115bfb307f7d2cfd9),platform=Windows NT 6.3.9600 x86_64) (WARNING: The server did not provide any stacktrace information)
Command duration or timeout: 10.10 seconds
Build info: version: '2.53.1', revision: 'a36b8b1', time: '2016-06-30 17:37:03'
System info: host: 'WL313736', ip: '10.83.12.101', os.name: 'Windows 8.1', os.arch: 'amd64', os.version: '6.3', java.version: '1.8.0_101'
Driver info: org.openqa.selenium.chrome.ChromeDriver
Capabilities [{applicationCacheEnabled=false, rotatable=false, mobileEmulationEnabled=false, networkConnectionEnabled=false, chrome={chromedriverVersion=2.27.440174 (e97a722caafc2d3a8b807ee115bfb307f7d2cfd9), userDataDir=C:\Users\joshibha\AppData\Local\Temp\scoped_dir27744_1473}, takesHeapSnapshot=true, pageLoadStrategy=normal, databaseEnabled=false, handlesAlerts=true, hasTouchScreen=false, version=61.0.3163.100, platform=WIN8_1, browserConnectionEnabled=false, nativeEvents=true, acceptSslCerts=true, locationContextEnabled=true, webStorageEnabled=true, browserName=chrome, takesScreenshot=true, javascriptEnabled=true, cssSelectorsEnabled=true, unexpectedAlertBehaviour=}]
Session ID: ac14667419eb6692d95709cf06943cc7
	at sun.reflect.NativeConstructorAccessorImpl.newInstance0(Native Method)
	at sun.reflect.NativeConstructorAccessorImpl.newInstance(NativeConstructorAccessorImpl.java:62)
	at sun.reflect.DelegatingConstructorAccessorImpl.newInstance(DelegatingConstructorAccessorImpl.java:45)
	at java.lang.reflect.Constructor.newInstance(Constructor.java:423)
	at org.openqa.selenium.remote.ErrorHandler.createThrowable(ErrorHandler.java:206)
	at org.openqa.selenium.remote.ErrorHandler.throwIfResponseFailed(ErrorHandler.java:158)
	at org.openqa.selenium.remote.RemoteWebDriver.execute(RemoteWebDriver.java:678)
	at org.openqa.selenium.remote.RemoteWebDriver.execute(RemoteWebDriver.java:701)
	at org.openqa.selenium.remote.RemoteWebDriver.getScreenshotAs(RemoteWebDriver.java:335)
	at org.openqa.selenium.remote.server.handler.CaptureScreenshot.call(CaptureScreenshot.java:36)
	at org.openqa.selenium.remote.server.handler.CaptureScreenshot.call(CaptureScreenshot.java:1)
	at java.util.concurrent.FutureTask.run(FutureTask.java:266)
	at org.openqa.selenium.remote.server.DefaultSession$1.run(DefaultSession.java:176)
	at java.util.concurrent.ThreadPoolExecutor.runWorker(ThreadPoolExecutor.java:1142)
	at java.util.concurrent.ThreadPoolExecutor$Worker.run(ThreadPoolExecutor.java:617)
	at java.lang.Thread.run(Thread.java:745)
18:07:37.822 WARN - Exception: unknown error: cannot get automation extension
from unknown error: page could not be found: chrome-extension://aapnijgdinlhnhlmodcfapnahmbfebeb/_generated_background_page.html
  (Session info: chrome=61.0.3163.100)
  (Driver info: chromedriver=2.27.440174 (e97a722caafc2d3a8b807ee115bfb307f7d2cfd9),platform=Windows NT 6.3.9600 x86_64) (WARNING: The server did not provide any stacktrace information)
Command duration or timeout: 10.10 seconds
Build info: version: '2.53.1', revision: 'a36b8b1', time: '2016-06-30 17:37:03'
System info: host: 'WL313736', ip: '10.83.12.101', os.name: 'Windows 8.1', os.arch: 'amd64', os.version: '6.3', java.version: '1.8.0_101'
Driver info: org.openqa.selenium.chrome.ChromeDriver
Capabilities [{applicationCacheEnabled=false, rotatable=false, mobileEmulationEnabled=false, networkConnectionEnabled=false, chrome={chromedriverVersion=2.27.440174 (e97a722caafc2d3a8b807ee115bfb307f7d2cfd9), userDataDir=C:\Users\joshibha\AppData\Local\Temp\scoped_dir27744_1473}, takesHeapSnapshot=true, pageLoadStrategy=normal, databaseEnabled=false, handlesAlerts=true, hasTouchScreen=false, version=61.0.3163.100, platform=WIN8_1, browserConnectionEnabled=false, nativeEvents=true, acceptSslCerts=true, locationContextEnabled=true, webStorageEnabled=true, browserName=chrome, takesScreenshot=true, javascriptEnabled=true, cssSelectorsEnabled=true, unexpectedAlertBehaviour=}]
Session ID: ac14667419eb6692d95709cf06943cc7
18:07:37.868 INFO - Executing: [find element: By.xpath: .//li[2]//a[@class='link']])
18:07:37.947 INFO - Done: [find element: By.xpath: .//li[2]//a[@class='link']]
18:07:37.963 INFO - Executing: [click: 2 [[ChromeDriver: chrome on WIN8_1 (ac14667419eb6692d95709cf06943cc7)] -> xpath: .//li[2]//a[@class='link']]])
18:07:38.290 INFO - Done: [click: 2 [[ChromeDriver: chrome on WIN8_1 (ac14667419eb6692d95709cf06943cc7)] -> xpath: .//li[2]//a[@class='link']]]
18:07:42.324 INFO - Executing: [find elements: By.xpath: .//h1//span[text()='Logga in']])
18:07:42.367 INFO - Done: [find elements: By.xpath: .//h1//span[text()='Logga in']]
18:07:42.401 INFO - Executing: [find element: By.cssSelector: iframe[src*="portal-mypages-uat.cloudapps.ocp-nuat.nordea.prd.a.tecdomain.net/auth/realms/mypages/protocol/openid-connect/auth"]])
18:07:42.566 INFO - Done: [find element: By.cssSelector: iframe[src*="portal-mypages-uat.cloudapps.ocp-nuat.nordea.prd.a.tecdomain.net/auth/realms/mypages/protocol/openid-connect/auth"]]
18:07:42.586 INFO - Executing: [switch to frame: [[ChromeDriver: chrome on WIN8_1 (ac14667419eb6692d95709cf06943cc7)] -> css selector: iframe[src*="portal-mypages-uat.cloudapps.ocp-nuat.nordea.prd.a.tecdomain.net/auth/realms/mypages/protocol/openid-connect/auth"]]])
18:07:42.640 INFO - Done: [switch to frame: [[ChromeDriver: chrome on WIN8_1 (ac14667419eb6692d95709cf06943cc7)] -> css selector: iframe[src*="portal-mypages-uat.cloudapps.ocp-nuat.nordea.prd.a.tecdomain.net/auth/realms/mypages/protocol/openid-connect/auth"]]]
18:07:42.666 INFO - Executing: [find elements: By.xpath: .//input[@id='username']])
18:07:42.806 INFO - Done: [find elements: By.xpath: .//input[@id='username']]
18:07:42.846 INFO - Executing: [find elements: By.xpath: .//input[@id='password']])
18:07:42.971 INFO - Done: [find elements: By.xpath: .//input[@id='password']]
18:07:42.992 INFO - Executing: [find elements: By.xpath: .//a[@id='forgotPasswordLink']])
18:07:43.158 INFO - Done: [find elements: By.xpath: .//a[@id='forgotPasswordLink']]
18:07:43.181 INFO - Executing: [find element: By.cssSelector: .input[placeholder='����MMDDNNNN']])
18:07:43.264 INFO - Done: [find element: By.cssSelector: .input[placeholder='����MMDDNNNN']]
18:07:43.277 INFO - Executing: [is displayed: 4 [[ChromeDriver: chrome on WIN8_1 (ac14667419eb6692d95709cf06943cc7)] -> xpath: .//input[@id='username']]])
18:07:43.343 INFO - Done: [is displayed: 4 [[ChromeDriver: chrome on WIN8_1 (ac14667419eb6692d95709cf06943cc7)] -> xpath: .//input[@id='username']]]
18:07:43.357 INFO - Executing: [switch to frame: default])
18:07:43.369 INFO - Done: [switch to frame: default]
18:07:43.380 INFO - Executing: [find elements: By.xpath: .//h1//span[text()='Logga in']])
18:07:43.404 INFO - Done: [find elements: By.xpath: .//h1//span[text()='Logga in']]
18:07:43.414 INFO - Executing: [find element: By.cssSelector: iframe[src*="portal-mypages-uat.cloudapps.ocp-nuat.nordea.prd.a.tecdomain.net/auth/realms/mypages/protocol/openid-connect/auth"]])
18:07:43.450 INFO - Done: [find element: By.cssSelector: iframe[src*="portal-mypages-uat.cloudapps.ocp-nuat.nordea.prd.a.tecdomain.net/auth/realms/mypages/protocol/openid-connect/auth"]]
18:07:43.464 INFO - Executing: [switch to frame: [[ChromeDriver: chrome on WIN8_1 (ac14667419eb6692d95709cf06943cc7)] -> css selector: iframe[src*="portal-mypages-uat.cloudapps.ocp-nuat.nordea.prd.a.tecdomain.net/auth/realms/mypages/protocol/openid-connect/auth"]]])
18:07:43.499 INFO - Done: [switch to frame: [[ChromeDriver: chrome on WIN8_1 (ac14667419eb6692d95709cf06943cc7)] -> css selector: iframe[src*="portal-mypages-uat.cloudapps.ocp-nuat.nordea.prd.a.tecdomain.net/auth/realms/mypages/protocol/openid-connect/auth"]]]
18:07:43.518 INFO - Executing: [find element: By.xpath: .//input[@id='username']])
18:07:43.568 INFO - Done: [find element: By.xpath: .//input[@id='username']]
18:07:43.585 INFO - Executing: [clear: 4 [[ChromeDriver: chrome on WIN8_1 (ac14667419eb6692d95709cf06943cc7)] -> xpath: .//input[@id='username']]])
18:07:43.656 INFO - Done: [clear: 4 [[ChromeDriver: chrome on WIN8_1 (ac14667419eb6692d95709cf06943cc7)] -> xpath: .//input[@id='username']]]
18:07:43.665 INFO - Executing: [find element: By.xpath: .//input[@id='username']])
18:07:43.686 INFO - Done: [find element: By.xpath: .//input[@id='username']]
18:07:43.694 INFO - Executing: [send keys: 4 [[ChromeDriver: chrome on WIN8_1 (ac14667419eb6692d95709cf06943cc7)] -> xpath: .//input[@id='username']], [5, 9, 0, 1, 2, 9, 8, 5, 2, 0]])
18:07:43.952 INFO - Done: [send keys: 4 [[ChromeDriver: chrome on WIN8_1 (ac14667419eb6692d95709cf06943cc7)] -> xpath: .//input[@id='username']], [5, 9, 0, 1, 2, 9, 8, 5, 2, 0]]
18:07:43.966 INFO - Executing: [find element: By.cssSelector: .button])
18:07:44.010 INFO - Done: [find element: By.cssSelector: .button]
18:07:44.017 INFO - Executing: [get element attribute: 7 [[ChromeDriver: chrome on WIN8_1 (ac14667419eb6692d95709cf06943cc7)] -> css selector: .button], disabled])
18:07:44.032 INFO - Done: [get element attribute: 7 [[ChromeDriver: chrome on WIN8_1 (ac14667419eb6692d95709cf06943cc7)] -> css selector: .button], disabled]
18:07:44.040 INFO - Executing: [find element: By.xpath: .//input[@id='password']])
18:07:44.091 INFO - Done: [find element: By.xpath: .//input[@id='password']]
18:07:44.101 INFO - Executing: [send keys: 5 [[ChromeDriver: chrome on WIN8_1 (ac14667419eb6692d95709cf06943cc7)] -> xpath: .//input[@id='password']], [a]])
18:07:44.186 INFO - Done: [send keys: 5 [[ChromeDriver: chrome on WIN8_1 (ac14667419eb6692d95709cf06943cc7)] -> xpath: .//input[@id='password']], [a]]
18:07:44.201 INFO - Executing: [find element: By.xpath: .//input[@id='password']])
18:07:44.231 INFO - Done: [find element: By.xpath: .//input[@id='password']]
18:07:44.237 INFO - Executing: [clear: 5 [[ChromeDriver: chrome on WIN8_1 (ac14667419eb6692d95709cf06943cc7)] -> xpath: .//input[@id='password']]])
18:07:44.353 INFO - Done: [clear: 5 [[ChromeDriver: chrome on WIN8_1 (ac14667419eb6692d95709cf06943cc7)] -> xpath: .//input[@id='password']]]
18:07:44.362 INFO - Executing: [switch to frame: default])
18:07:44.379 INFO - Done: [switch to frame: default]
18:07:44.386 INFO - Executing: [find element: By.xpath: .//li[1]//span[text()='Mobil BankID' or text()='Mobile BankID']])
18:07:44.436 INFO - Done: [find element: By.xpath: .//li[1]//span[text()='Mobil BankID' or text()='Mobile BankID']]
18:07:44.443 INFO - Executing: [click: 1 [[ChromeDriver: chrome on WIN8_1 (ac14667419eb6692d95709cf06943cc7)] -> xpath: .//li[1]//span[text()='Mobil BankID' or text()='Mobile BankID']]])
18:07:44.813 INFO - Done: [click: 1 [[ChromeDriver: chrome on WIN8_1 (ac14667419eb6692d95709cf06943cc7)] -> xpath: .//li[1]//span[text()='Mobil BankID' or text()='Mobile BankID']]]
18:07:44.821 INFO - Executing: [find element: By.xpath: .//li[2]//a[@class='link']])
18:07:44.853 INFO - Done: [find element: By.xpath: .//li[2]//a[@class='link']]
18:07:44.864 INFO - Executing: [click: 2 [[ChromeDriver: chrome on WIN8_1 (ac14667419eb6692d95709cf06943cc7)] -> xpath: .//li[2]//a[@class='link']]])
18:07:45.198 INFO - Done: [click: 2 [[ChromeDriver: chrome on WIN8_1 (ac14667419eb6692d95709cf06943cc7)] -> xpath: .//li[2]//a[@class='link']]]
18:07:45.208 INFO - Executing: [find elements: By.xpath: .//h1//span[text()='Logga in']])
18:07:45.231 INFO - Done: [find elements: By.xpath: .//h1//span[text()='Logga in']]
18:07:45.238 INFO - Executing: [find element: By.cssSelector: iframe[src*="portal-mypages-uat.cloudapps.ocp-nuat.nordea.prd.a.tecdomain.net/auth/realms/mypages/protocol/openid-connect/auth"]])
18:07:45.270 INFO - Done: [find element: By.cssSelector: iframe[src*="portal-mypages-uat.cloudapps.ocp-nuat.nordea.prd.a.tecdomain.net/auth/realms/mypages/protocol/openid-connect/auth"]]
18:07:45.282 INFO - Executing: [switch to frame: [[ChromeDriver: chrome on WIN8_1 (ac14667419eb6692d95709cf06943cc7)] -> css selector: iframe[src*="portal-mypages-uat.cloudapps.ocp-nuat.nordea.prd.a.tecdomain.net/auth/realms/mypages/protocol/openid-connect/auth"]]])
18:07:45.372 INFO - Done: [switch to frame: [[ChromeDriver: chrome on WIN8_1 (ac14667419eb6692d95709cf06943cc7)] -> css selector: iframe[src*="portal-mypages-uat.cloudapps.ocp-nuat.nordea.prd.a.tecdomain.net/auth/realms/mypages/protocol/openid-connect/auth"]]]
18:07:45.391 INFO - Executing: [find element: By.xpath: .//input[@id='username']])
18:07:45.413 INFO - Done: [find element: By.xpath: .//input[@id='username']]
18:07:45.419 INFO - Executing: [clear: 9 [[ChromeDriver: chrome on WIN8_1 (ac14667419eb6692d95709cf06943cc7)] -> xpath: .//input[@id='username']]])
18:07:45.486 INFO - Done: [clear: 9 [[ChromeDriver: chrome on WIN8_1 (ac14667419eb6692d95709cf06943cc7)] -> xpath: .//input[@id='username']]]
18:07:46.497 INFO - Executing: [find element: By.xpath: .//input[@id='password']])
18:07:46.533 INFO - Done: [find element: By.xpath: .//input[@id='password']]
18:07:46.547 INFO - Executing: [clear: 10 [[ChromeDriver: chrome on WIN8_1 (ac14667419eb6692d95709cf06943cc7)] -> xpath: .//input[@id='password']]])
18:07:46.685 INFO - Done: [clear: 10 [[ChromeDriver: chrome on WIN8_1 (ac14667419eb6692d95709cf06943cc7)] -> xpath: .//input[@id='password']]]
18:07:47.702 INFO - Executing: [find element: By.xpath: .//input[@id='username']])
18:07:47.786 INFO - Done: [find element: By.xpath: .//input[@id='username']]
18:07:47.811 INFO - Executing: [send keys: 9 [[ChromeDriver: chrome on WIN8_1 (ac14667419eb6692d95709cf06943cc7)] -> xpath: .//input[@id='username']], [5, 9, 0, 1, 2, 9, 8, 5, 2, 0]])
18:07:48.331 INFO - Done: [send keys: 9 [[ChromeDriver: chrome on WIN8_1 (ac14667419eb6692d95709cf06943cc7)] -> xpath: .//input[@id='username']], [5, 9, 0, 1, 2, 9, 8, 5, 2, 0]]
18:07:50.367 INFO - Executing: [find element: By.xpath: .//input[@id='password']])
18:07:50.416 INFO - Done: [find element: By.xpath: .//input[@id='password']]
18:07:50.430 INFO - Executing: [send keys: 10 [[ChromeDriver: chrome on WIN8_1 (ac14667419eb6692d95709cf06943cc7)] -> xpath: .//input[@id='password']], [N, o, r, d, e, a, P, i, l, o, t, 0, 1]])
18:07:50.675 INFO - Done: [send keys: 10 [[ChromeDriver: chrome on WIN8_1 (ac14667419eb6692d95709cf06943cc7)] -> xpath: .//input[@id='password']], [N, o, r, d, e, a, P, i, l, o, t, 0, 1]]
18:07:50.688 INFO - Executing: [find element: By.cssSelector: form#kc-form-login])
18:07:50.737 INFO - Done: [find element: By.cssSelector: form#kc-form-login]
18:07:50.748 INFO - Executing: [submit: 11 [[ChromeDriver: chrome on WIN8_1 (ac14667419eb6692d95709cf06943cc7)] -> css selector: form#kc-form-login]])
18:07:54.083 INFO - Done: [submit: 11 [[ChromeDriver: chrome on WIN8_1 (ac14667419eb6692d95709cf06943cc7)] -> css selector: form#kc-form-login]]
18:07:54.089 INFO - Executing: [switch to frame: default])
18:07:54.099 INFO - Done: [switch to frame: default]
18:07:54.105 INFO - Executing: [take screenshot])
18:08:04.217 WARN - Exception thrown
org.openqa.selenium.WebDriverException: unknown error: cannot get automation extension
from unknown error: page could not be found: chrome-extension://aapnijgdinlhnhlmodcfapnahmbfebeb/_generated_background_page.html
  (Session info: chrome=61.0.3163.100)
  (Driver info: chromedriver=2.27.440174 (e97a722caafc2d3a8b807ee115bfb307f7d2cfd9),platform=Windows NT 6.3.9600 x86_64) (WARNING: The server did not provide any stacktrace information)
Command duration or timeout: 10.11 seconds
Build info: version: '2.53.1', revision: 'a36b8b1', time: '2016-06-30 17:37:03'
System info: host: 'WL313736', ip: '10.83.12.101', os.name: 'Windows 8.1', os.arch: 'amd64', os.version: '6.3', java.version: '1.8.0_101'
Driver info: org.openqa.selenium.chrome.ChromeDriver
Capabilities [{applicationCacheEnabled=false, rotatable=false, mobileEmulationEnabled=false, networkConnectionEnabled=false, chrome={chromedriverVersion=2.27.440174 (e97a722caafc2d3a8b807ee115bfb307f7d2cfd9), userDataDir=C:\Users\joshibha\AppData\Local\Temp\scoped_dir27744_1473}, takesHeapSnapshot=true, pageLoadStrategy=normal, databaseEnabled=false, handlesAlerts=true, hasTouchScreen=false, version=61.0.3163.100, platform=WIN8_1, browserConnectionEnabled=false, nativeEvents=true, acceptSslCerts=true, locationContextEnabled=true, webStorageEnabled=true, browserName=chrome, takesScreenshot=true, javascriptEnabled=true, cssSelectorsEnabled=true, unexpectedAlertBehaviour=}]
Session ID: ac14667419eb6692d95709cf06943cc7
	at sun.reflect.NativeConstructorAccessorImpl.newInstance0(Native Method)
	at sun.reflect.NativeConstructorAccessorImpl.newInstance(NativeConstructorAccessorImpl.java:62)
	at sun.reflect.DelegatingConstructorAccessorImpl.newInstance(DelegatingConstructorAccessorImpl.java:45)
	at java.lang.reflect.Constructor.newInstance(Constructor.java:423)
	at org.openqa.selenium.remote.ErrorHandler.createThrowable(ErrorHandler.java:206)
	at org.openqa.selenium.remote.ErrorHandler.throwIfResponseFailed(ErrorHandler.java:158)
	at org.openqa.selenium.remote.RemoteWebDriver.execute(RemoteWebDriver.java:678)
	at org.openqa.selenium.remote.RemoteWebDriver.execute(RemoteWebDriver.java:701)
	at org.openqa.selenium.remote.RemoteWebDriver.getScreenshotAs(RemoteWebDriver.java:335)
	at org.openqa.selenium.remote.server.handler.CaptureScreenshot.call(CaptureScreenshot.java:36)
	at org.openqa.selenium.remote.server.handler.CaptureScreenshot.call(CaptureScreenshot.java:1)
	at java.util.concurrent.FutureTask.run(FutureTask.java:266)
	at org.openqa.selenium.remote.server.DefaultSession$1.run(DefaultSession.java:176)
	at java.util.concurrent.ThreadPoolExecutor.runWorker(ThreadPoolExecutor.java:1142)
	at java.util.concurrent.ThreadPoolExecutor$Worker.run(ThreadPoolExecutor.java:617)
	at java.lang.Thread.run(Thread.java:745)
18:08:04.221 WARN - Exception: unknown error: cannot get automation extension
from unknown error: page could not be found: chrome-extension://aapnijgdinlhnhlmodcfapnahmbfebeb/_generated_background_page.html
  (Session info: chrome=61.0.3163.100)
  (Driver info: chromedriver=2.27.440174 (e97a722caafc2d3a8b807ee115bfb307f7d2cfd9),platform=Windows NT 6.3.9600 x86_64) (WARNING: The server did not provide any stacktrace information)
Command duration or timeout: 10.11 seconds
Build info: version: '2.53.1', revision: 'a36b8b1', time: '2016-06-30 17:37:03'
System info: host: 'WL313736', ip: '10.83.12.101', os.name: 'Windows 8.1', os.arch: 'amd64', os.version: '6.3', java.version: '1.8.0_101'
Driver info: org.openqa.selenium.chrome.ChromeDriver
Capabilities [{applicationCacheEnabled=false, rotatable=false, mobileEmulationEnabled=false, networkConnectionEnabled=false, chrome={chromedriverVersion=2.27.440174 (e97a722caafc2d3a8b807ee115bfb307f7d2cfd9), userDataDir=C:\Users\joshibha\AppData\Local\Temp\scoped_dir27744_1473}, takesHeapSnapshot=true, pageLoadStrategy=normal, databaseEnabled=false, handlesAlerts=true, hasTouchScreen=false, version=61.0.3163.100, platform=WIN8_1, browserConnectionEnabled=false, nativeEvents=true, acceptSslCerts=true, locationContextEnabled=true, webStorageEnabled=true, browserName=chrome, takesScreenshot=true, javascriptEnabled=true, cssSelectorsEnabled=true, unexpectedAlertBehaviour=}]
Session ID: ac14667419eb6692d95709cf06943cc7
18:08:09.278 INFO - Executing: [find element: By.xpath: .//*[@id='container']//div[@class='top-header__logo col']//span])
18:08:09.349 INFO - Done: [find element: By.xpath: .//*[@id='container']//div[@class='top-header__logo col']//span]
18:08:09.360 INFO - Executing: [click: 12 [[ChromeDriver: chrome on WIN8_1 (ac14667419eb6692d95709cf06943cc7)] -> xpath: .//*[@id='container']//div[@class='top-header__logo col']//span]])
18:08:09.612 INFO - Done: [click: 12 [[ChromeDriver: chrome on WIN8_1 (ac14667419eb6692d95709cf06943cc7)] -> xpath: .//*[@id='container']//div[@class='top-header__logo col']//span]]
18:08:09.644 INFO - Executing: [find element: By.xpath: .//*[@id='container']//div[contains(@class,'app-menu--title')]//span[text()='Messages' or text()='Meddelanden']])
18:08:09.720 INFO - Done: [find element: By.xpath: .//*[@id='container']//div[contains(@class,'app-menu--title')]//span[text()='Messages' or text()='Meddelanden']]
18:08:09.729 INFO - Executing: [click: 13 [[ChromeDriver: chrome on WIN8_1 (ac14667419eb6692d95709cf06943cc7)] -> xpath: .//*[@id='container']//div[contains(@class,'app-menu--title')]//span[text()='Messages' or text()='Meddelanden']]])
18:08:09.905 INFO - Done: [click: 13 [[ChromeDriver: chrome on WIN8_1 (ac14667419eb6692d95709cf06943cc7)] -> xpath: .//*[@id='container']//div[contains(@class,'app-menu--title')]//span[text()='Messages' or text()='Meddelanden']]]
18:08:09.915 INFO - Executing: [find elements: By.xpath:  .//*[@id='container']//button//span[text()='New Message' or text()='Nytt meddelande']])
18:08:09.965 INFO - Done: [find elements: By.xpath:  .//*[@id='container']//button//span[text()='New Message' or text()='Nytt meddelande']]
18:08:10.475 INFO - Executing: [find elements: By.xpath:  .//*[@id='container']//button//span[text()='New Message' or text()='Nytt meddelande']])
18:08:10.496 INFO - Done: [find elements: By.xpath:  .//*[@id='container']//button//span[text()='New Message' or text()='Nytt meddelande']]
18:08:11.010 INFO - Executing: [find elements: By.xpath:  .//*[@id='container']//button//span[text()='New Message' or text()='Nytt meddelande']])
18:08:11.060 INFO - Done: [find elements: By.xpath:  .//*[@id='container']//button//span[text()='New Message' or text()='Nytt meddelande']]
18:08:11.081 INFO - Executing: [execute script: var passedArgs = Array.prototype.slice.call(arguments,0); return function () {
        document.getElementsByClassName('button button--primary').item(0).click()
    }.apply(window, passedArgs);, []])
18:08:11.296 INFO - Done: [execute script: var passedArgs = Array.prototype.slice.call(arguments,0); return function () {
        document.getElementsByClassName('button button--primary').item(0).click()
    }.apply(window, passedArgs);, []]
18:08:11.315 INFO - Executing: [find elements: By.xpath: .//*[@id='container']//span[text()='General subject' or text()='Allm�nt �mne']])
18:08:11.999 INFO - Done: [find elements: By.xpath: .//*[@id='container']//span[text()='General subject' or text()='Allm�nt �mne']]
18:08:12.034 INFO - Executing: [find elements: By.xpath: .//*[@id='container']//input[@placeholder='Subject' or @placeholder ='�mne'][@maxlength='50']])
18:08:12.248 INFO - Done: [find elements: By.xpath: .//*[@id='container']//input[@placeholder='Subject' or @placeholder ='�mne'][@maxlength='50']]
18:08:12.262 INFO - Executing: [find elements: By.xpath: .//*[@id='message_body'][@maxlength='5000'][@placeholder='Your message' or @placeholder='Ditt meddelande']])
18:08:12.444 INFO - Done: [find elements: By.xpath: .//*[@id='message_body'][@maxlength='5000'][@placeholder='Your message' or @placeholder='Ditt meddelande']]
18:08:12.461 INFO - Executing: [find elements: By.xpath: .//*[@id='container']//span[text()='Send' or text()='Skicka']])
18:08:12.625 INFO - Done: [find elements: By.xpath: .//*[@id='container']//span[text()='Send' or text()='Skicka']]
18:08:12.647 INFO - Executing: [find elements: By.xpath: .//*[@id='container']//span[text()='Back' or text()='tillbaka']])
18:08:12.766 INFO - Done: [find elements: By.xpath: .//*[@id='container']//span[text()='Back' or text()='tillbaka']]
18:08:12.779 INFO - Executing: [find elements: By.xpath: .//*[@id='container']//div[@class='mailsubject__item__subjectradio']//span[text()='User Information' or text()='anv�ndar information']])
18:08:12.891 INFO - Done: [find elements: By.xpath: .//*[@id='container']//div[@class='mailsubject__item__subjectradio']//span[text()='User Information' or text()='anv�ndar information']]
18:08:12.905 INFO - Executing: [find elements: By.xpath: .//*[@id='container']//div[@class='mailsubject__item__subjectradio']//span[text()='Debt and payment info' or text()='Skulder och betalningsinformation']])
18:08:12.995 INFO - Done: [find elements: By.xpath: .//*[@id='container']//div[@class='mailsubject__item__subjectradio']//span[text()='Debt and payment info' or text()='Skulder och betalningsinformation']]
18:08:13.009 INFO - Executing: [find elements: By.xpath: .//*[@id='container']//div[@class='mailsubject__item__subjectradio']//span[text()='Login Information for Mypages' or text()='Logga in Information f�r Mypages']])
18:08:13.082 INFO - Done: [find elements: By.xpath: .//*[@id='container']//div[@class='mailsubject__item__subjectradio']//span[text()='Login Information for Mypages' or text()='Logga in Information f�r Mypages']]
18:08:13.097 INFO - Executing: [find elements: By.xpath: .//*[@id='container']//div[@class='mailsubject__item__subjectradio']//span[text()='Invoice' or text()='Faktura']])
18:08:13.164 INFO - Done: [find elements: By.xpath: .//*[@id='container']//div[@class='mailsubject__item__subjectradio']//span[text()='Invoice' or text()='Faktura']]
18:08:13.176 INFO - Executing: [find elements: By.xpath: .//*[@id='container']//div[@class='mailsubject__item__subjectradio']//span[text()='Interest' or text()='Intressera']])
18:08:13.257 INFO - Done: [find elements: By.xpath: .//*[@id='container']//div[@class='mailsubject__item__subjectradio']//span[text()='Interest' or text()='Intressera']]
18:08:13.275 INFO - Executing: [find elements: By.xpath: .//*[@id='container']//div[@class='mailsubject__item__subjectradio']//span[text()='Autogiro' or text()='Direktbetalning']])
18:08:13.339 INFO - Done: [find elements: By.xpath: .//*[@id='container']//div[@class='mailsubject__item__subjectradio']//span[text()='Autogiro' or text()='Direktbetalning']]
18:08:13.354 INFO - Executing: [find elements: By.xpath: .//*[@id='container']//div[@class='mailsubject__item__subjectradio']//span[text()='Other' or text()='Andra']])
18:08:13.416 INFO - Done: [find elements: By.xpath: .//*[@id='container']//div[@class='mailsubject__item__subjectradio']//span[text()='Other' or text()='Andra']]
18:08:13.433 INFO - Executing: [take screenshot])
18:08:23.468 WARN - Exception thrown
org.openqa.selenium.WebDriverException: unknown error: cannot get automation extension
from unknown error: page could not be found: chrome-extension://aapnijgdinlhnhlmodcfapnahmbfebeb/_generated_background_page.html
  (Session info: chrome=61.0.3163.100)
  (Driver info: chromedriver=2.27.440174 (e97a722caafc2d3a8b807ee115bfb307f7d2cfd9),platform=Windows NT 6.3.9600 x86_64) (WARNING: The server did not provide any stacktrace information)
Command duration or timeout: 10.03 seconds
Build info: version: '2.53.1', revision: 'a36b8b1', time: '2016-06-30 17:37:03'
System info: host: 'WL313736', ip: '10.83.12.101', os.name: 'Windows 8.1', os.arch: 'amd64', os.version: '6.3', java.version: '1.8.0_101'
Driver info: org.openqa.selenium.chrome.ChromeDriver
Capabilities [{applicationCacheEnabled=false, rotatable=false, mobileEmulationEnabled=false, networkConnectionEnabled=false, chrome={chromedriverVersion=2.27.440174 (e97a722caafc2d3a8b807ee115bfb307f7d2cfd9), userDataDir=C:\Users\joshibha\AppData\Local\Temp\scoped_dir27744_1473}, takesHeapSnapshot=true, pageLoadStrategy=normal, databaseEnabled=false, handlesAlerts=true, hasTouchScreen=false, version=61.0.3163.100, platform=WIN8_1, browserConnectionEnabled=false, nativeEvents=true, acceptSslCerts=true, locationContextEnabled=true, webStorageEnabled=true, browserName=chrome, takesScreenshot=true, javascriptEnabled=true, cssSelectorsEnabled=true, unexpectedAlertBehaviour=}]
Session ID: ac14667419eb6692d95709cf06943cc7
	at sun.reflect.NativeConstructorAccessorImpl.newInstance0(Native Method)
	at sun.reflect.NativeConstructorAccessorImpl.newInstance(NativeConstructorAccessorImpl.java:62)
	at sun.reflect.DelegatingConstructorAccessorImpl.newInstance(DelegatingConstructorAccessorImpl.java:45)
	at java.lang.reflect.Constructor.newInstance(Constructor.java:423)
	at org.openqa.selenium.remote.ErrorHandler.createThrowable(ErrorHandler.java:206)
	at org.openqa.selenium.remote.ErrorHandler.throwIfResponseFailed(ErrorHandler.java:158)
	at org.openqa.selenium.remote.RemoteWebDriver.execute(RemoteWebDriver.java:678)
	at org.openqa.selenium.remote.RemoteWebDriver.execute(RemoteWebDriver.java:701)
	at org.openqa.selenium.remote.RemoteWebDriver.getScreenshotAs(RemoteWebDriver.java:335)
	at org.openqa.selenium.remote.server.handler.CaptureScreenshot.call(CaptureScreenshot.java:36)
	at org.openqa.selenium.remote.server.handler.CaptureScreenshot.call(CaptureScreenshot.java:1)
	at java.util.concurrent.FutureTask.run(FutureTask.java:266)
	at org.openqa.selenium.remote.server.DefaultSession$1.run(DefaultSession.java:176)
	at java.util.concurrent.ThreadPoolExecutor.runWorker(ThreadPoolExecutor.java:1142)
	at java.util.concurrent.ThreadPoolExecutor$Worker.run(ThreadPoolExecutor.java:617)
	at java.lang.Thread.run(Thread.java:745)
18:08:23.472 WARN - Exception: unknown error: cannot get automation extension
from unknown error: page could not be found: chrome-extension://aapnijgdinlhnhlmodcfapnahmbfebeb/_generated_background_page.html
  (Session info: chrome=61.0.3163.100)
  (Driver info: chromedriver=2.27.440174 (e97a722caafc2d3a8b807ee115bfb307f7d2cfd9),platform=Windows NT 6.3.9600 x86_64) (WARNING: The server did not provide any stacktrace information)
Command duration or timeout: 10.03 seconds
Build info: version: '2.53.1', revision: 'a36b8b1', time: '2016-06-30 17:37:03'
System info: host: 'WL313736', ip: '10.83.12.101', os.name: 'Windows 8.1', os.arch: 'amd64', os.version: '6.3', java.version: '1.8.0_101'
Driver info: org.openqa.selenium.chrome.ChromeDriver
Capabilities [{applicationCacheEnabled=false, rotatable=false, mobileEmulationEnabled=false, networkConnectionEnabled=false, chrome={chromedriverVersion=2.27.440174 (e97a722caafc2d3a8b807ee115bfb307f7d2cfd9), userDataDir=C:\Users\joshibha\AppData\Local\Temp\scoped_dir27744_1473}, takesHeapSnapshot=true, pageLoadStrategy=normal, databaseEnabled=false, handlesAlerts=true, hasTouchScreen=false, version=61.0.3163.100, platform=WIN8_1, browserConnectionEnabled=false, nativeEvents=true, acceptSslCerts=true, locationContextEnabled=true, webStorageEnabled=true, browserName=chrome, takesScreenshot=true, javascriptEnabled=true, cssSelectorsEnabled=true, unexpectedAlertBehaviour=}]
Session ID: ac14667419eb6692d95709cf06943cc7
18:08:23.527 INFO - Executing: [execute script: var passedArgs = Array.prototype.slice.call(arguments,0); return function () {
        document.getElementsByClassName('button button--primary').item(0).click()
      }.apply(window, passedArgs);, []])
18:08:23.597 INFO - Done: [execute script: var passedArgs = Array.prototype.slice.call(arguments,0); return function () {
        document.getElementsByClassName('button button--primary').item(0).click()
      }.apply(window, passedArgs);, []]
18:08:25.610 INFO - Executing: [find elements: By.xpath: .//*[@id='container']//span[text()='** Subject Type is mandatory' or text()='** �mnes typ �r obligatorisk']])
18:08:25.729 INFO - Done: [find elements: By.xpath: .//*[@id='container']//span[text()='** Subject Type is mandatory' or text()='** �mnes typ �r obligatorisk']]
18:08:25.745 INFO - Executing: [find elements: By.xpath: .//*[@id='container']//span[text()='** Subject Text is mandatory' or text()='** �mnestext �r obligatoriskt']])
18:08:25.814 INFO - Done: [find elements: By.xpath: .//*[@id='container']//span[text()='** Subject Text is mandatory' or text()='** �mnestext �r obligatoriskt']]
18:08:25.825 INFO - Executing: [find elements: By.xpath: .//*[@id='container']//span[text()='** Message body is mandatory' or text()='** Meddelandeorgan �r obligatoriskt']])
18:08:25.894 INFO - Done: [find elements: By.xpath: .//*[@id='container']//span[text()='** Message body is mandatory' or text()='** Meddelandeorgan �r obligatoriskt']]
18:08:25.905 INFO - Executing: [take screenshot])
18:08:36.006 WARN - Exception thrown
org.openqa.selenium.WebDriverException: unknown error: cannot get automation extension
from unknown error: page could not be found: chrome-extension://aapnijgdinlhnhlmodcfapnahmbfebeb/_generated_background_page.html
  (Session info: chrome=61.0.3163.100)
  (Driver info: chromedriver=2.27.440174 (e97a722caafc2d3a8b807ee115bfb307f7d2cfd9),platform=Windows NT 6.3.9600 x86_64) (WARNING: The server did not provide any stacktrace information)
Command duration or timeout: 10.10 seconds
Build info: version: '2.53.1', revision: 'a36b8b1', time: '2016-06-30 17:37:03'
System info: host: 'WL313736', ip: '10.83.12.101', os.name: 'Windows 8.1', os.arch: 'amd64', os.version: '6.3', java.version: '1.8.0_101'
Driver info: org.openqa.selenium.chrome.ChromeDriver
Capabilities [{applicationCacheEnabled=false, rotatable=false, mobileEmulationEnabled=false, networkConnectionEnabled=false, chrome={chromedriverVersion=2.27.440174 (e97a722caafc2d3a8b807ee115bfb307f7d2cfd9), userDataDir=C:\Users\joshibha\AppData\Local\Temp\scoped_dir27744_1473}, takesHeapSnapshot=true, pageLoadStrategy=normal, databaseEnabled=false, handlesAlerts=true, hasTouchScreen=false, version=61.0.3163.100, platform=WIN8_1, browserConnectionEnabled=false, nativeEvents=true, acceptSslCerts=true, locationContextEnabled=true, webStorageEnabled=true, browserName=chrome, takesScreenshot=true, javascriptEnabled=true, cssSelectorsEnabled=true, unexpectedAlertBehaviour=}]
Session ID: ac14667419eb6692d95709cf06943cc7
	at sun.reflect.NativeConstructorAccessorImpl.newInstance0(Native Method)
	at sun.reflect.NativeConstructorAccessorImpl.newInstance(NativeConstructorAccessorImpl.java:62)
	at sun.reflect.DelegatingConstructorAccessorImpl.newInstance(DelegatingConstructorAccessorImpl.java:45)
	at java.lang.reflect.Constructor.newInstance(Constructor.java:423)
	at org.openqa.selenium.remote.ErrorHandler.createThrowable(ErrorHandler.java:206)
	at org.openqa.selenium.remote.ErrorHandler.throwIfResponseFailed(ErrorHandler.java:158)
	at org.openqa.selenium.remote.RemoteWebDriver.execute(RemoteWebDriver.java:678)
	at org.openqa.selenium.remote.RemoteWebDriver.execute(RemoteWebDriver.java:701)
	at org.openqa.selenium.remote.RemoteWebDriver.getScreenshotAs(RemoteWebDriver.java:335)
	at org.openqa.selenium.remote.server.handler.CaptureScreenshot.call(CaptureScreenshot.java:36)
	at org.openqa.selenium.remote.server.handler.CaptureScreenshot.call(CaptureScreenshot.java:1)
	at java.util.concurrent.FutureTask.run(FutureTask.java:266)
	at org.openqa.selenium.remote.server.DefaultSession$1.run(DefaultSession.java:176)
	at java.util.concurrent.ThreadPoolExecutor.runWorker(ThreadPoolExecutor.java:1142)
	at java.util.concurrent.ThreadPoolExecutor$Worker.run(ThreadPoolExecutor.java:617)
	at java.lang.Thread.run(Thread.java:745)
18:08:36.009 WARN - Exception: unknown error: cannot get automation extension
from unknown error: page could not be found: chrome-extension://aapnijgdinlhnhlmodcfapnahmbfebeb/_generated_background_page.html
  (Session info: chrome=61.0.3163.100)
  (Driver info: chromedriver=2.27.440174 (e97a722caafc2d3a8b807ee115bfb307f7d2cfd9),platform=Windows NT 6.3.9600 x86_64) (WARNING: The server did not provide any stacktrace information)
Command duration or timeout: 10.10 seconds
Build info: version: '2.53.1', revision: 'a36b8b1', time: '2016-06-30 17:37:03'
System info: host: 'WL313736', ip: '10.83.12.101', os.name: 'Windows 8.1', os.arch: 'amd64', os.version: '6.3', java.version: '1.8.0_101'
Driver info: org.openqa.selenium.chrome.ChromeDriver
Capabilities [{applicationCacheEnabled=false, rotatable=false, mobileEmulationEnabled=false, networkConnectionEnabled=false, chrome={chromedriverVersion=2.27.440174 (e97a722caafc2d3a8b807ee115bfb307f7d2cfd9), userDataDir=C:\Users\joshibha\AppData\Local\Temp\scoped_dir27744_1473}, takesHeapSnapshot=true, pageLoadStrategy=normal, databaseEnabled=false, handlesAlerts=true, hasTouchScreen=false, version=61.0.3163.100, platform=WIN8_1, browserConnectionEnabled=false, nativeEvents=true, acceptSslCerts=true, locationContextEnabled=true, webStorageEnabled=true, browserName=chrome, takesScreenshot=true, javascriptEnabled=true, cssSelectorsEnabled=true, unexpectedAlertBehaviour=}]
Session ID: ac14667419eb6692d95709cf06943cc7
18:08:36.032 INFO - Executing: [find element: By.xpath: .//*[@id='1'][@type='radio']])
18:08:36.144 INFO - Done: [find element: By.xpath: .//*[@id='1'][@type='radio']]
18:08:36.157 INFO - Executing: [click: 30 [[ChromeDriver: chrome on WIN8_1 (ac14667419eb6692d95709cf06943cc7)] -> xpath: .//*[@id='1'][@type='radio']]])
18:08:36.602 INFO - Done: [click: 30 [[ChromeDriver: chrome on WIN8_1 (ac14667419eb6692d95709cf06943cc7)] -> xpath: .//*[@id='1'][@type='radio']]]
18:08:38.617 INFO - Executing: [find element: By.xpath: .//*[@id='container']//input[@placeholder='Subject' or @placeholder ='�mne'][@maxlength='50']])
18:08:38.798 INFO - Done: [find element: By.xpath: .//*[@id='container']//input[@placeholder='Subject' or @placeholder ='�mne'][@maxlength='50']]
18:08:38.817 INFO - Executing: [send keys: 16 [[ChromeDriver: chrome on WIN8_1 (ac14667419eb6692d95709cf06943cc7)] -> xpath: .//*[@id='container']//input[@placeholder='Subject' or @placeholder ='�mne'][@maxlength='50']], [T, e, s, t,  , C, o, n, t, a, c, t,  , D, e, t, a, i, l, s]])
18:08:40.329 INFO - Done: [send keys: 16 [[ChromeDriver: chrome on WIN8_1 (ac14667419eb6692d95709cf06943cc7)] -> xpath: .//*[@id='container']//input[@placeholder='Subject' or @placeholder ='�mne'][@maxlength='50']], [T, e, s, t,  , C, o, n, t, a, c, t,  , D, e, t, a, i, l, s]]
18:08:40.341 INFO - Executing: [find element: By.xpath: .//*[@id='message_body'][@maxlength='5000'][@placeholder='Your message' or @placeholder='Ditt meddelande']])
18:08:40.432 INFO - Done: [find element: By.xpath: .//*[@id='message_body'][@maxlength='5000'][@placeholder='Your message' or @placeholder='Ditt meddelande']]
18:08:40.463 INFO - Executing: [send keys: 17 [[ChromeDriver: chrome on WIN8_1 (ac14667419eb6692d95709cf06943cc7)] -> xpath: .//*[@id='message_body'][@maxlength='5000'][@placeholder='Your message' or @placeholder='Ditt meddelande']], [�, ,, �, ,, �, ,, �, ,, �, ,, �, T, h, e, r, e,  , a, r, e,  , c, u, r, r, e, n, t, l, y,  , t, w, o,  , v, e, r, s, i, o, n, s,  , o, f,  , t, h, i, s,  , w, o, r, k, s, p, a, c, e, .,  , T, h, e,  , v, e, r, s, i, o, n,  , t, h, a, t,  , i, s,  , d, i, s, p, l, a, y, e, d,  , w, h, e, n,  , y, o, u,  , o, p, e, n,  , t, h, e,  , w, o, r, k, s, p, a, c, e,  , d, e, p, e, n, d, s,  , o, n,  , w, h, a, t,  , v, e, r, s, i, o, n,  , o, f,  , t, h, e,  , W, e, b, S, p, h, e, r, e, �,  , M, Q,  , M, o, n, i, t, o, r, i, n, g,  , a, g, e, n, t,  , y, o, u,  , a, r, e,  , u, s, i, n, g, .,  , I, f,  , y, o, u,  , a, r, e,  , u, s, i, n, g,  , v, e, r, s, i, o, n,  , 6, ., 0, ., 1,  , o, r,  , l, a, t, e, r, ,,  , t, h, e,  , w, o, r, k, s, p, a, c, e,  , i, n, c, l, u, d, e, s,  , a, d, d, i, t, i, o, n, a, l,  , c, o, l, u, m, n, s,  , c, o, n, t, a, i, n, i, n, g,  , i, n, f, o, r, m, a, t, i, o, n,  , n, o, t,  , a, v, a, i, l, a, b, l, e,  , u, s, i, n, g,  , p, r, e, v, i, o, u, s,  , v, e, r, s, i, o, n, s,  , o, f,  , t, h, e,  , a, g, e, n, t, .,  , I, f,  , y, o, u,  , a, r, e,  , u, s, i, n, g,  , v, e, r, s, i, o, n,  , 6, ., 0,  , o, r,  , e, a, r, l, i, e, r, ,,  , a, n, o, t, h, e, r,  , v, e, r, s, i, o, n,  , o, f,  , t, h, e,  , w, o, r, k, s, p, a, c, e,  , c, o, n, t, a, i, n, i, n, g,  , l, e, s, s,  , i, n, f, o, r, m, a, t, i, o, n,  , i, s,  , d, i, s, p, l, a, y, e, d, .,  , S, e, e,  , t, h, e,  , f, o, l, l, o, w, i, n, g,  , i, n, f, o, r, m, a, t, i, o, n,  , a, b, o, u, t,  , t, h, e,  , M, e, s, s, a, g, e,  , C, o, n, t, e, n, t, s,  , v, i, e, w,  , f, o, r,  , f, u, r, t, h, e, r,  , d, e, t, a, i, l, s, .]])
18:08:45.917 INFO - Done: [send keys: 17 [[ChromeDriver: chrome on WIN8_1 (ac14667419eb6692d95709cf06943cc7)] -> xpath: .//*[@id='message_body'][@maxlength='5000'][@placeholder='Your message' or @placeholder='Ditt meddelande']], [�, ,, �, ,, �, ,, �, ,, �, ,, �, T, h, e, r, e,  , a, r, e,  , c, u, r, r, e, n, t, l, y,  , t, w, o,  , v, e, r, s, i, o, n, s,  , o, f,  , t, h, i, s,  , w, o, r, k, s, p, a, c, e, .,  , T, h, e,  , v, e, r, s, i, o, n,  , t, h, a, t,  , i, s,  , d, i, s, p, l, a, y, e, d,  , w, h, e, n,  , y, o, u,  , o, p, e, n,  , t, h, e,  , w, o, r, k, s, p, a, c, e,  , d, e, p, e, n, d, s,  , o, n,  , w, h, a, t,  , v, e, r, s, i, o, n,  , o, f,  , t, h, e,  , W, e, b, S, p, h, e, r, e, �,  , M, Q,  , M, o, n, i, t, o, r, i, n, g,  , a, g, e, n, t,  , y, o, u,  , a, r, e,  , u, s, i, n, g, .,  , I, f,  , y, o, u,  , a, r, e,  , u, s, i, n, g,  , v, e, r, s, i, o, n,  , 6, ., 0, ., 1,  , o, r,  , l, a, t, e, r, ,,  , t, h, e,  , w, o, r, k, s, p, a, c, e,  , i, n, c, l, u, d, e, s,  , a, d, d, i, t, i, o, n, a, l,  , c, o, l, u, m, n, s,  , c, o, n, t, a, i, n, i, n, g,  , i, n, f, o, r, m, a, t, i, o, n,  , n, o, t,  , a, v, a, i, l, a, b, l, e,  , u, s, i, n, g,  , p, r, e, v, i, o, u, s,  , v, e, r, s, i, o, n, s,  , o, f,  , t, h, e,  , a, g, e, n, t, .,  , I, f,  , y, o, u,  , a, r, e,  , u, s, i, n, g,  , v, e, r, s, i, o, n,  , 6, ., 0,  , o, r,  , e, a, r, l, i, e, r, ,,  , a, n, o, t, h, e, r,  , v, e, r, s, i, o, n,  , o, f,  , t, h, e,  , w, o, r, k, s, p, a, c, e,  , c, o, n, t, a, i, n, i, n, g,  , l, e, s, s,  , i, n, f, o, r, m, a, t, i, o, n,  , i, s,  , d, i, s, p, l, a, y, e, d, .,  , S, e, e,  , t, h, e,  , f, o, l, l, o, w, i, n, g,  , i, n, f, o, r, m, a, t, i, o, n,  , a, b, o, u, t,  , t, h, e,  , M, e, s, s, a, g, e,  , C, o, n, t, e, n, t, s,  , v, i, e, w,  , f, o, r,  , f, u, r, t, h, e, r,  , d, e, t, a, i, l, s, .]]
18:08:50.928 INFO - Executing: [take screenshot])
18:09:01.001 WARN - Exception thrown
org.openqa.selenium.WebDriverException: unknown error: cannot get automation extension
from unknown error: page could not be found: chrome-extension://aapnijgdinlhnhlmodcfapnahmbfebeb/_generated_background_page.html
  (Session info: chrome=61.0.3163.100)
  (Driver info: chromedriver=2.27.440174 (e97a722caafc2d3a8b807ee115bfb307f7d2cfd9),platform=Windows NT 6.3.9600 x86_64) (WARNING: The server did not provide any stacktrace information)
Command duration or timeout: 10.07 seconds
Build info: version: '2.53.1', revision: 'a36b8b1', time: '2016-06-30 17:37:03'
System info: host: 'WL313736', ip: '10.83.12.101', os.name: 'Windows 8.1', os.arch: 'amd64', os.version: '6.3', java.version: '1.8.0_101'
Driver info: org.openqa.selenium.chrome.ChromeDriver
Capabilities [{applicationCacheEnabled=false, rotatable=false, mobileEmulationEnabled=false, networkConnectionEnabled=false, chrome={chromedriverVersion=2.27.440174 (e97a722caafc2d3a8b807ee115bfb307f7d2cfd9), userDataDir=C:\Users\joshibha\AppData\Local\Temp\scoped_dir27744_1473}, takesHeapSnapshot=true, pageLoadStrategy=normal, databaseEnabled=false, handlesAlerts=true, hasTouchScreen=false, version=61.0.3163.100, platform=WIN8_1, browserConnectionEnabled=false, nativeEvents=true, acceptSslCerts=true, locationContextEnabled=true, webStorageEnabled=true, browserName=chrome, takesScreenshot=true, javascriptEnabled=true, cssSelectorsEnabled=true, unexpectedAlertBehaviour=}]
Session ID: ac14667419eb6692d95709cf06943cc7
	at sun.reflect.NativeConstructorAccessorImpl.newInstance0(Native Method)
	at sun.reflect.NativeConstructorAccessorImpl.newInstance(NativeConstructorAccessorImpl.java:62)
	at sun.reflect.DelegatingConstructorAccessorImpl.newInstance(DelegatingConstructorAccessorImpl.java:45)
	at java.lang.reflect.Constructor.newInstance(Constructor.java:423)
	at org.openqa.selenium.remote.ErrorHandler.createThrowable(ErrorHandler.java:206)
	at org.openqa.selenium.remote.ErrorHandler.throwIfResponseFailed(ErrorHandler.java:158)
	at org.openqa.selenium.remote.RemoteWebDriver.execute(RemoteWebDriver.java:678)
	at org.openqa.selenium.remote.RemoteWebDriver.execute(RemoteWebDriver.java:701)
	at org.openqa.selenium.remote.RemoteWebDriver.getScreenshotAs(RemoteWebDriver.java:335)
	at org.openqa.selenium.remote.server.handler.CaptureScreenshot.call(CaptureScreenshot.java:36)
	at org.openqa.selenium.remote.server.handler.CaptureScreenshot.call(CaptureScreenshot.java:1)
	at java.util.concurrent.FutureTask.run(FutureTask.java:266)
	at org.openqa.selenium.remote.server.DefaultSession$1.run(DefaultSession.java:176)
	at java.util.concurrent.ThreadPoolExecutor.runWorker(ThreadPoolExecutor.java:1142)
	at java.util.concurrent.ThreadPoolExecutor$Worker.run(ThreadPoolExecutor.java:617)
	at java.lang.Thread.run(Thread.java:745)
18:09:01.005 WARN - Exception: unknown error: cannot get automation extension
from unknown error: page could not be found: chrome-extension://aapnijgdinlhnhlmodcfapnahmbfebeb/_generated_background_page.html
  (Session info: chrome=61.0.3163.100)
  (Driver info: chromedriver=2.27.440174 (e97a722caafc2d3a8b807ee115bfb307f7d2cfd9),platform=Windows NT 6.3.9600 x86_64) (WARNING: The server did not provide any stacktrace information)
Command duration or timeout: 10.07 seconds
Build info: version: '2.53.1', revision: 'a36b8b1', time: '2016-06-30 17:37:03'
System info: host: 'WL313736', ip: '10.83.12.101', os.name: 'Windows 8.1', os.arch: 'amd64', os.version: '6.3', java.version: '1.8.0_101'
Driver info: org.openqa.selenium.chrome.ChromeDriver
Capabilities [{applicationCacheEnabled=false, rotatable=false, mobileEmulationEnabled=false, networkConnectionEnabled=false, chrome={chromedriverVersion=2.27.440174 (e97a722caafc2d3a8b807ee115bfb307f7d2cfd9), userDataDir=C:\Users\joshibha\AppData\Local\Temp\scoped_dir27744_1473}, takesHeapSnapshot=true, pageLoadStrategy=normal, databaseEnabled=false, handlesAlerts=true, hasTouchScreen=false, version=61.0.3163.100, platform=WIN8_1, browserConnectionEnabled=false, nativeEvents=true, acceptSslCerts=true, locationContextEnabled=true, webStorageEnabled=true, browserName=chrome, takesScreenshot=true, javascriptEnabled=true, cssSelectorsEnabled=true, unexpectedAlertBehaviour=}]
Session ID: ac14667419eb6692d95709cf06943cc7
18:09:01.051 INFO - Executing: [execute script: var passedArgs = Array.prototype.slice.call(arguments,0); return function () {
        document.getElementsByClassName('button button--primary').item(0).click()
      }.apply(window, passedArgs);, []])
18:09:01.272 INFO - Done: [execute script: var passedArgs = Array.prototype.slice.call(arguments,0); return function () {
        document.getElementsByClassName('button button--primary').item(0).click()
      }.apply(window, passedArgs);, []]
18:09:01.292 INFO - Executing: [take screenshot])
18:09:11.404 WARN - Exception thrown
org.openqa.selenium.WebDriverException: unknown error: cannot get automation extension
from unknown error: page could not be found: chrome-extension://aapnijgdinlhnhlmodcfapnahmbfebeb/_generated_background_page.html
  (Session info: chrome=61.0.3163.100)
  (Driver info: chromedriver=2.27.440174 (e97a722caafc2d3a8b807ee115bfb307f7d2cfd9),platform=Windows NT 6.3.9600 x86_64) (WARNING: The server did not provide any stacktrace information)
Command duration or timeout: 10.11 seconds
Build info: version: '2.53.1', revision: 'a36b8b1', time: '2016-06-30 17:37:03'
System info: host: 'WL313736', ip: '10.83.12.101', os.name: 'Windows 8.1', os.arch: 'amd64', os.version: '6.3', java.version: '1.8.0_101'
Driver info: org.openqa.selenium.chrome.ChromeDriver
Capabilities [{applicationCacheEnabled=false, rotatable=false, mobileEmulationEnabled=false, networkConnectionEnabled=false, chrome={chromedriverVersion=2.27.440174 (e97a722caafc2d3a8b807ee115bfb307f7d2cfd9), userDataDir=C:\Users\joshibha\AppData\Local\Temp\scoped_dir27744_1473}, takesHeapSnapshot=true, pageLoadStrategy=normal, databaseEnabled=false, handlesAlerts=true, hasTouchScreen=false, version=61.0.3163.100, platform=WIN8_1, browserConnectionEnabled=false, nativeEvents=true, acceptSslCerts=true, locationContextEnabled=true, webStorageEnabled=true, browserName=chrome, takesScreenshot=true, javascriptEnabled=true, cssSelectorsEnabled=true, unexpectedAlertBehaviour=}]
Session ID: ac14667419eb6692d95709cf06943cc7
	at sun.reflect.NativeConstructorAccessorImpl.newInstance0(Native Method)
	at sun.reflect.NativeConstructorAccessorImpl.newInstance(NativeConstructorAccessorImpl.java:62)
	at sun.reflect.DelegatingConstructorAccessorImpl.newInstance(DelegatingConstructorAccessorImpl.java:45)
	at java.lang.reflect.Constructor.newInstance(Constructor.java:423)
	at org.openqa.selenium.remote.ErrorHandler.createThrowable(ErrorHandler.java:206)
	at org.openqa.selenium.remote.ErrorHandler.throwIfResponseFailed(ErrorHandler.java:158)
	at org.openqa.selenium.remote.RemoteWebDriver.execute(RemoteWebDriver.java:678)
	at org.openqa.selenium.remote.RemoteWebDriver.execute(RemoteWebDriver.java:701)
	at org.openqa.selenium.remote.RemoteWebDriver.getScreenshotAs(RemoteWebDriver.java:335)
	at org.openqa.selenium.remote.server.handler.CaptureScreenshot.call(CaptureScreenshot.java:36)
	at org.openqa.selenium.remote.server.handler.CaptureScreenshot.call(CaptureScreenshot.java:1)
	at java.util.concurrent.FutureTask.run(FutureTask.java:266)
	at org.openqa.selenium.remote.server.DefaultSession$1.run(DefaultSession.java:176)
	at java.util.concurrent.ThreadPoolExecutor.runWorker(ThreadPoolExecutor.java:1142)
	at java.util.concurrent.ThreadPoolExecutor$Worker.run(ThreadPoolExecutor.java:617)
	at java.lang.Thread.run(Thread.java:745)
18:09:11.408 WARN - Exception: unknown error: cannot get automation extension
from unknown error: page could not be found: chrome-extension://aapnijgdinlhnhlmodcfapnahmbfebeb/_generated_background_page.html
  (Session info: chrome=61.0.3163.100)
  (Driver info: chromedriver=2.27.440174 (e97a722caafc2d3a8b807ee115bfb307f7d2cfd9),platform=Windows NT 6.3.9600 x86_64) (WARNING: The server did not provide any stacktrace information)
Command duration or timeout: 10.11 seconds
Build info: version: '2.53.1', revision: 'a36b8b1', time: '2016-06-30 17:37:03'
System info: host: 'WL313736', ip: '10.83.12.101', os.name: 'Windows 8.1', os.arch: 'amd64', os.version: '6.3', java.version: '1.8.0_101'
Driver info: org.openqa.selenium.chrome.ChromeDriver
Capabilities [{applicationCacheEnabled=false, rotatable=false, mobileEmulationEnabled=false, networkConnectionEnabled=false, chrome={chromedriverVersion=2.27.440174 (e97a722caafc2d3a8b807ee115bfb307f7d2cfd9), userDataDir=C:\Users\joshibha\AppData\Local\Temp\scoped_dir27744_1473}, takesHeapSnapshot=true, pageLoadStrategy=normal, databaseEnabled=false, handlesAlerts=true, hasTouchScreen=false, version=61.0.3163.100, platform=WIN8_1, browserConnectionEnabled=false, nativeEvents=true, acceptSslCerts=true, locationContextEnabled=true, webStorageEnabled=true, browserName=chrome, takesScreenshot=true, javascriptEnabled=true, cssSelectorsEnabled=true, unexpectedAlertBehaviour=}]
Session ID: ac14667419eb6692d95709cf06943cc7
18:09:13.434 INFO - Executing: [find elements: By.xpath: .//*[@id='container']//a[1]//span[text()='User Information : Test Contact Details' or text()='Anv�ndarinformation: Test Contact Details']])
18:09:13.574 INFO - Done: [find elements: By.xpath: .//*[@id='container']//a[1]//span[text()='User Information : Test Contact Details' or text()='Anv�ndarinformation: Test Contact Details']]
18:09:13.588 INFO - Executing: [find element: By.xpath: .//*[@id='container']//a[1]//span[text()='User Information : Test Contact Details' or text()='Anv�ndarinformation: Test Contact Details' ]])
18:09:13.722 INFO - Done: [find element: By.xpath: .//*[@id='container']//a[1]//span[text()='User Information : Test Contact Details' or text()='Anv�ndarinformation: Test Contact Details' ]]
18:09:13.738 INFO - Executing: [click: 31 [[ChromeDriver: chrome on WIN8_1 (ac14667419eb6692d95709cf06943cc7)] -> xpath: .//*[@id='container']//a[1]//span[text()='User Information : Test Contact Details' or text()='Anv�ndarinformation: Test Contact Details']]])
18:09:15.510 WARN - Exception thrown
org.openqa.selenium.WebDriverException: unknown error: Element is not clickable at point (223, 637)
  (Session info: chrome=61.0.3163.100)
  (Driver info: chromedriver=2.27.440174 (e97a722caafc2d3a8b807ee115bfb307f7d2cfd9),platform=Windows NT 6.3.9600 x86_64) (WARNING: The server did not provide any stacktrace information)
Command duration or timeout: 397 milliseconds
Build info: version: '2.53.1', revision: 'a36b8b1', time: '2016-06-30 17:37:03'
System info: host: 'WL313736', ip: '10.83.12.101', os.name: 'Windows 8.1', os.arch: 'amd64', os.version: '6.3', java.version: '1.8.0_101'
Driver info: org.openqa.selenium.chrome.ChromeDriver
Capabilities [{applicationCacheEnabled=false, rotatable=false, mobileEmulationEnabled=false, networkConnectionEnabled=false, chrome={chromedriverVersion=2.27.440174 (e97a722caafc2d3a8b807ee115bfb307f7d2cfd9), userDataDir=C:\Users\joshibha\AppData\Local\Temp\scoped_dir27744_1473}, takesHeapSnapshot=true, pageLoadStrategy=normal, databaseEnabled=false, handlesAlerts=true, hasTouchScreen=false, version=61.0.3163.100, platform=WIN8_1, browserConnectionEnabled=false, nativeEvents=true, acceptSslCerts=true, locationContextEnabled=true, webStorageEnabled=true, browserName=chrome, takesScreenshot=true, javascriptEnabled=true, cssSelectorsEnabled=true, unexpectedAlertBehaviour=}]
Session ID: ac14667419eb6692d95709cf06943cc7
	at sun.reflect.NativeConstructorAccessorImpl.newInstance0(Native Method)
	at sun.reflect.NativeConstructorAccessorImpl.newInstance(NativeConstructorAccessorImpl.java:62)
	at sun.reflect.DelegatingConstructorAccessorImpl.newInstance(DelegatingConstructorAccessorImpl.java:45)
	at java.lang.reflect.Constructor.newInstance(Constructor.java:423)
	at org.openqa.selenium.remote.ErrorHandler.createThrowable(ErrorHandler.java:206)
	at org.openqa.selenium.remote.ErrorHandler.throwIfResponseFailed(ErrorHandler.java:158)
	at org.openqa.selenium.remote.RemoteWebDriver.execute(RemoteWebDriver.java:678)
	at org.openqa.selenium.remote.RemoteWebElement.execute(RemoteWebElement.java:327)
	at org.openqa.selenium.remote.RemoteWebElement.click(RemoteWebElement.java:85)
	at sun.reflect.NativeMethodAccessorImpl.invoke0(Native Method)
	at sun.reflect.NativeMethodAccessorImpl.invoke(NativeMethodAccessorImpl.java:62)
	at sun.reflect.DelegatingMethodAccessorImpl.invoke(DelegatingMethodAccessorImpl.java:43)
	at java.lang.reflect.Method.invoke(Method.java:498)
	at org.openqa.selenium.support.events.EventFiringWebDriver$EventFiringWebElement$1.invoke(EventFiringWebDriver.java:335)
	at com.sun.proxy.$Proxy2.click(Unknown Source)
	at org.openqa.selenium.support.events.EventFiringWebDriver$EventFiringWebElement.click(EventFiringWebDriver.java:348)
	at sun.reflect.NativeMethodAccessorImpl.invoke0(Native Method)
	at sun.reflect.NativeMethodAccessorImpl.invoke(NativeMethodAccessorImpl.java:62)
	at sun.reflect.DelegatingMethodAccessorImpl.invoke(DelegatingMethodAccessorImpl.java:43)
	at java.lang.reflect.Method.invoke(Method.java:498)
	at org.openqa.selenium.remote.server.KnownElements$1.invoke(KnownElements.java:64)
	at com.sun.proxy.$Proxy3.click(Unknown Source)
	at org.openqa.selenium.remote.server.handler.ClickElement.call(ClickElement.java:30)
	at org.openqa.selenium.remote.server.handler.ClickElement.call(ClickElement.java:1)
	at java.util.concurrent.FutureTask.run(FutureTask.java:266)
	at org.openqa.selenium.remote.server.DefaultSession$1.run(DefaultSession.java:176)
	at java.util.concurrent.ThreadPoolExecutor.runWorker(ThreadPoolExecutor.java:1142)
	at java.util.concurrent.ThreadPoolExecutor$Worker.run(ThreadPoolExecutor.java:617)
	at java.lang.Thread.run(Thread.java:745)
18:09:15.512 WARN - Exception: unknown error: Element is not clickable at point (223, 637)
  (Session info: chrome=61.0.3163.100)
  (Driver info: chromedriver=2.27.440174 (e97a722caafc2d3a8b807ee115bfb307f7d2cfd9),platform=Windows NT 6.3.9600 x86_64) (WARNING: The server did not provide any stacktrace information)
Command duration or timeout: 397 milliseconds
Build info: version: '2.53.1', revision: 'a36b8b1', time: '2016-06-30 17:37:03'
System info: host: 'WL313736', ip: '10.83.12.101', os.name: 'Windows 8.1', os.arch: 'amd64', os.version: '6.3', java.version: '1.8.0_101'
Driver info: org.openqa.selenium.chrome.ChromeDriver
Capabilities [{applicationCacheEnabled=false, rotatable=false, mobileEmulationEnabled=false, networkConnectionEnabled=false, chrome={chromedriverVersion=2.27.440174 (e97a722caafc2d3a8b807ee115bfb307f7d2cfd9), userDataDir=C:\Users\joshibha\AppData\Local\Temp\scoped_dir27744_1473}, takesHeapSnapshot=true, pageLoadStrategy=normal, databaseEnabled=false, handlesAlerts=true, hasTouchScreen=false, version=61.0.3163.100, platform=WIN8_1, browserConnectionEnabled=false, nativeEvents=true, acceptSslCerts=true, locationContextEnabled=true, webStorageEnabled=true, browserName=chrome, takesScreenshot=true, javascriptEnabled=true, cssSelectorsEnabled=true, unexpectedAlertBehaviour=}]
Session ID: ac14667419eb6692d95709cf06943cc7
18:09:15.667 INFO - Executing: [take screenshot])
18:09:25.750 WARN - Exception thrown
org.openqa.selenium.WebDriverException: unknown error: cannot get automation extension
from unknown error: page could not be found: chrome-extension://aapnijgdinlhnhlmodcfapnahmbfebeb/_generated_background_page.html
  (Session info: chrome=61.0.3163.100)
  (Driver info: chromedriver=2.27.440174 (e97a722caafc2d3a8b807ee115bfb307f7d2cfd9),platform=Windows NT 6.3.9600 x86_64) (WARNING: The server did not provide any stacktrace information)
Command duration or timeout: 10.08 seconds
Build info: version: '2.53.1', revision: 'a36b8b1', time: '2016-06-30 17:37:03'
System info: host: 'WL313736', ip: '10.83.12.101', os.name: 'Windows 8.1', os.arch: 'amd64', os.version: '6.3', java.version: '1.8.0_101'
Driver info: org.openqa.selenium.chrome.ChromeDriver
Capabilities [{applicationCacheEnabled=false, rotatable=false, mobileEmulationEnabled=false, networkConnectionEnabled=false, chrome={chromedriverVersion=2.27.440174 (e97a722caafc2d3a8b807ee115bfb307f7d2cfd9), userDataDir=C:\Users\joshibha\AppData\Local\Temp\scoped_dir27744_1473}, takesHeapSnapshot=true, pageLoadStrategy=normal, databaseEnabled=false, handlesAlerts=true, hasTouchScreen=false, version=61.0.3163.100, platform=WIN8_1, browserConnectionEnabled=false, nativeEvents=true, acceptSslCerts=true, locationContextEnabled=true, webStorageEnabled=true, browserName=chrome, takesScreenshot=true, javascriptEnabled=true, cssSelectorsEnabled=true, unexpectedAlertBehaviour=}]
Session ID: ac14667419eb6692d95709cf06943cc7
	at sun.reflect.NativeConstructorAccessorImpl.newInstance0(Native Method)
	at sun.reflect.NativeConstructorAccessorImpl.newInstance(NativeConstructorAccessorImpl.java:62)
	at sun.reflect.DelegatingConstructorAccessorImpl.newInstance(DelegatingConstructorAccessorImpl.java:45)
	at java.lang.reflect.Constructor.newInstance(Constructor.java:423)
	at org.openqa.selenium.remote.ErrorHandler.createThrowable(ErrorHandler.java:206)
	at org.openqa.selenium.remote.ErrorHandler.throwIfResponseFailed(ErrorHandler.java:158)
	at org.openqa.selenium.remote.RemoteWebDriver.execute(RemoteWebDriver.java:678)
	at org.openqa.selenium.remote.RemoteWebDriver.execute(RemoteWebDriver.java:701)
	at org.openqa.selenium.remote.RemoteWebDriver.getScreenshotAs(RemoteWebDriver.java:335)
	at org.openqa.selenium.remote.server.handler.CaptureScreenshot.call(CaptureScreenshot.java:36)
	at org.openqa.selenium.remote.server.handler.CaptureScreenshot.call(CaptureScreenshot.java:1)
	at java.util.concurrent.FutureTask.run(FutureTask.java:266)
	at org.openqa.selenium.remote.server.DefaultSession$1.run(DefaultSession.java:176)
	at java.util.concurrent.ThreadPoolExecutor.runWorker(ThreadPoolExecutor.java:1142)
	at java.util.concurrent.ThreadPoolExecutor$Worker.run(ThreadPoolExecutor.java:617)
	at java.lang.Thread.run(Thread.java:745)
18:09:25.755 WARN - Exception: unknown error: cannot get automation extension
from unknown error: page could not be found: chrome-extension://aapnijgdinlhnhlmodcfapnahmbfebeb/_generated_background_page.html
  (Session info: chrome=61.0.3163.100)
  (Driver info: chromedriver=2.27.440174 (e97a722caafc2d3a8b807ee115bfb307f7d2cfd9),platform=Windows NT 6.3.9600 x86_64) (WARNING: The server did not provide any stacktrace information)
Command duration or timeout: 10.08 seconds
Build info: version: '2.53.1', revision: 'a36b8b1', time: '2016-06-30 17:37:03'
System info: host: 'WL313736', ip: '10.83.12.101', os.name: 'Windows 8.1', os.arch: 'amd64', os.version: '6.3', java.version: '1.8.0_101'
Driver info: org.openqa.selenium.chrome.ChromeDriver
Capabilities [{applicationCacheEnabled=false, rotatable=false, mobileEmulationEnabled=false, networkConnectionEnabled=false, chrome={chromedriverVersion=2.27.440174 (e97a722caafc2d3a8b807ee115bfb307f7d2cfd9), userDataDir=C:\Users\joshibha\AppData\Local\Temp\scoped_dir27744_1473}, takesHeapSnapshot=true, pageLoadStrategy=normal, databaseEnabled=false, handlesAlerts=true, hasTouchScreen=false, version=61.0.3163.100, platform=WIN8_1, browserConnectionEnabled=false, nativeEvents=true, acceptSslCerts=true, locationContextEnabled=true, webStorageEnabled=true, browserName=chrome, takesScreenshot=true, javascriptEnabled=true, cssSelectorsEnabled=true, unexpectedAlertBehaviour=}]
Session ID: ac14667419eb6692d95709cf06943cc7
18:09:27.781 INFO - Executing: [find elements: By.xpath: .//*[@id='container']//span[text()='�,�,�,�,�,�There are currently two versions of this workspace. The version that is displayed when you open the workspace depends on what version of the WebSphere� MQ Monitoring agent you are using. If you are using version 6.0.1 or later, the workspace includes additional columns containing information not available using previous versions of the agent. If you are using version 6.0 or earlier, another version of the workspace containing less information is displayed. See the following information about the Message Contents view for further details.']])
18:09:27.900 INFO - Done: [find elements: By.xpath: .//*[@id='container']//span[text()='�,�,�,�,�,�There are currently two versions of this workspace. The version that is displayed when you open the workspace depends on what version of the WebSphere� MQ Monitoring agent you are using. If you are using version 6.0.1 or later, the workspace includes additional columns containing information not available using previous versions of the agent. If you are using version 6.0 or earlier, another version of the workspace containing less information is displayed. See the following information about the Message Contents view for further details.']]
18:09:28.413 INFO - Executing: [find elements: By.xpath: .//*[@id='container']//span[text()='�,�,�,�,�,�There are currently two versions of this workspace. The version that is displayed when you open the workspace depends on what version of the WebSphere� MQ Monitoring agent you are using. If you are using version 6.0.1 or later, the workspace includes additional columns containing information not available using previous versions of the agent. If you are using version 6.0 or earlier, another version of the workspace containing less information is displayed. See the following information about the Message Contents view for further details.']])
18:09:28.451 INFO - Done: [find elements: By.xpath: .//*[@id='container']//span[text()='�,�,�,�,�,�There are currently two versions of this workspace. The version that is displayed when you open the workspace depends on what version of the WebSphere� MQ Monitoring agent you are using. If you are using version 6.0.1 or later, the workspace includes additional columns containing information not available using previous versions of the agent. If you are using version 6.0 or earlier, another version of the workspace containing less information is displayed. See the following information about the Message Contents view for further details.']]
18:09:28.963 INFO - Executing: [find elements: By.xpath: .//*[@id='container']//span[text()='�,�,�,�,�,�There are currently two versions of this workspace. The version that is displayed when you open the workspace depends on what version of the WebSphere� MQ Monitoring agent you are using. If you are using version 6.0.1 or later, the workspace includes additional columns containing information not available using previous versions of the agent. If you are using version 6.0 or earlier, another version of the workspace containing less information is displayed. See the following information about the Message Contents view for further details.']])
18:09:29.000 INFO - Done: [find elements: By.xpath: .//*[@id='container']//span[text()='�,�,�,�,�,�There are currently two versions of this workspace. The version that is displayed when you open the workspace depends on what version of the WebSphere� MQ Monitoring agent you are using. If you are using version 6.0.1 or later, the workspace includes additional columns containing information not available using previous versions of the agent. If you are using version 6.0 or earlier, another version of the workspace containing less information is displayed. See the following information about the Message Contents view for further details.']]
18:09:29.511 INFO - Executing: [find elements: By.xpath: .//*[@id='container']//span[text()='�,�,�,�,�,�There are currently two versions of this workspace. The version that is displayed when you open the workspace depends on what version of the WebSphere� MQ Monitoring agent you are using. If you are using version 6.0.1 or later, the workspace includes additional columns containing information not available using previous versions of the agent. If you are using version 6.0 or earlier, another version of the workspace containing less information is displayed. See the following information about the Message Contents view for further details.']])
18:09:29.546 INFO - Done: [find elements: By.xpath: .//*[@id='container']//span[text()='�,�,�,�,�,�There are currently two versions of this workspace. The version that is displayed when you open the workspace depends on what version of the WebSphere� MQ Monitoring agent you are using. If you are using version 6.0.1 or later, the workspace includes additional columns containing information not available using previous versions of the agent. If you are using version 6.0 or earlier, another version of the workspace containing less information is displayed. See the following information about the Message Contents view for further details.']]
18:09:30.061 INFO - Executing: [find elements: By.xpath: .//*[@id='container']//span[text()='�,�,�,�,�,�There are currently two versions of this workspace. The version that is displayed when you open the workspace depends on what version of the WebSphere� MQ Monitoring agent you are using. If you are using version 6.0.1 or later, the workspace includes additional columns containing information not available using previous versions of the agent. If you are using version 6.0 or earlier, another version of the workspace containing less information is displayed. See the following information about the Message Contents view for further details.']])
18:09:30.161 INFO - Done: [find elements: By.xpath: .//*[@id='container']//span[text()='�,�,�,�,�,�There are currently two versions of this workspace. The version that is displayed when you open the workspace depends on what version of the WebSphere� MQ Monitoring agent you are using. If you are using version 6.0.1 or later, the workspace includes additional columns containing information not available using previous versions of the agent. If you are using version 6.0 or earlier, another version of the workspace containing less information is displayed. See the following information about the Message Contents view for further details.']]
18:09:30.675 INFO - Executing: [find elements: By.xpath: .//*[@id='container']//span[text()='�,�,�,�,�,�There are currently two versions of this workspace. The version that is displayed when you open the workspace depends on what version of the WebSphere� MQ Monitoring agent you are using. If you are using version 6.0.1 or later, the workspace includes additional columns containing information not available using previous versions of the agent. If you are using version 6.0 or earlier, another version of the workspace containing less information is displayed. See the following information about the Message Contents view for further details.']])
18:09:30.727 INFO - Done: [find elements: By.xpath: .//*[@id='container']//span[text()='�,�,�,�,�,�There are currently two versions of this workspace. The version that is displayed when you open the workspace depends on what version of the WebSphere� MQ Monitoring agent you are using. If you are using version 6.0.1 or later, the workspace includes additional columns containing information not available using previous versions of the agent. If you are using version 6.0 or earlier, another version of the workspace containing less information is displayed. See the following information about the Message Contents view for further details.']]
18:09:31.265 INFO - Executing: [find elements: By.xpath: .//*[@id='container']//span[text()='�,�,�,�,�,�There are currently two versions of this workspace. The version that is displayed when you open the workspace depends on what version of the WebSphere� MQ Monitoring agent you are using. If you are using version 6.0.1 or later, the workspace includes additional columns containing information not available using previous versions of the agent. If you are using version 6.0 or earlier, another version of the workspace containing less information is displayed. See the following information about the Message Contents view for further details.']])
18:09:31.309 INFO - Done: [find elements: By.xpath: .//*[@id='container']//span[text()='�,�,�,�,�,�There are currently two versions of this workspace. The version that is displayed when you open the workspace depends on what version of the WebSphere� MQ Monitoring agent you are using. If you are using version 6.0.1 or later, the workspace includes additional columns containing information not available using previous versions of the agent. If you are using version 6.0 or earlier, another version of the workspace containing less information is displayed. See the following information about the Message Contents view for further details.']]
18:09:31.843 INFO - Executing: [find elements: By.xpath: .//*[@id='container']//span[text()='�,�,�,�,�,�There are currently two versions of this workspace. The version that is displayed when you open the workspace depends on what version of the WebSphere� MQ Monitoring agent you are using. If you are using version 6.0.1 or later, the workspace includes additional columns containing information not available using previous versions of the agent. If you are using version 6.0 or earlier, another version of the workspace containing less information is displayed. See the following information about the Message Contents view for further details.']])
18:09:31.900 INFO - Done: [find elements: By.xpath: .//*[@id='container']//span[text()='�,�,�,�,�,�There are currently two versions of this workspace. The version that is displayed when you open the workspace depends on what version of the WebSphere� MQ Monitoring agent you are using. If you are using version 6.0.1 or later, the workspace includes additional columns containing information not available using previous versions of the agent. If you are using version 6.0 or earlier, another version of the workspace containing less information is displayed. See the following information about the Message Contents view for further details.']]
18:09:32.415 INFO - Executing: [find elements: By.xpath: .//*[@id='container']//span[text()='�,�,�,�,�,�There are currently two versions of this workspace. The version that is displayed when you open the workspace depends on what version of the WebSphere� MQ Monitoring agent you are using. If you are using version 6.0.1 or later, the workspace includes additional columns containing information not available using previous versions of the agent. If you are using version 6.0 or earlier, another version of the workspace containing less information is displayed. See the following information about the Message Contents view for further details.']])
18:09:32.449 INFO - Done: [find elements: By.xpath: .//*[@id='container']//span[text()='�,�,�,�,�,�There are currently two versions of this workspace. The version that is displayed when you open the workspace depends on what version of the WebSphere� MQ Monitoring agent you are using. If you are using version 6.0.1 or later, the workspace includes additional columns containing information not available using previous versions of the agent. If you are using version 6.0 or earlier, another version of the workspace containing less information is displayed. See the following information about the Message Contents view for further details.']]
18:09:32.961 INFO - Executing: [find elements: By.xpath: .//*[@id='container']//span[text()='�,�,�,�,�,�There are currently two versions of this workspace. The version that is displayed when you open the workspace depends on what version of the WebSphere� MQ Monitoring agent you are using. If you are using version 6.0.1 or later, the workspace includes additional columns containing information not available using previous versions of the agent. If you are using version 6.0 or earlier, another version of the workspace containing less information is displayed. See the following information about the Message Contents view for further details.']])
18:09:33.000 INFO - Done: [find elements: By.xpath: .//*[@id='container']//span[text()='�,�,�,�,�,�There are currently two versions of this workspace. The version that is displayed when you open the workspace depends on what version of the WebSphere� MQ Monitoring agent you are using. If you are using version 6.0.1 or later, the workspace includes additional columns containing information not available using previous versions of the agent. If you are using version 6.0 or earlier, another version of the workspace containing less information is displayed. See the following information about the Message Contents view for further details.']]
18:09:33.032 INFO - Executing: [delete session: fb52c91f-9a5f-4e26-b69d-a9634a71b86f])
18:09:35.697 INFO - Done: [delete session: fb52c91f-9a5f-4e26-b69d-a9634a71b86f]
